action: GLOB, msg: packaging
cwd: C:\dev\test_project
cmd: 'C:\Users\BecarioTarde\miniconda3\envs\pytest_env\python.exe' setup.py sdist --formats=zip --dist-dir '.tox\dist'
running sdist
running egg_info
writing test_project.egg-info\PKG-INFO
writing dependency_links to test_project.egg-info\dependency_links.txt
writing top-level names to test_project.egg-info\top_level.txt
reading manifest file 'test_project.egg-info\SOURCES.txt'
writing manifest file 'test_project.egg-info\SOURCES.txt'
running check
creating test_project-0.1.0
creating test_project-0.1.0\src
creating test_project-0.1.0\test_project.egg-info
creating test_project-0.1.0\tests
copying files to test_project-0.1.0...
copying README.md -> test_project-0.1.0
copying pyproject.toml -> test_project-0.1.0
copying setup.py -> test_project-0.1.0
copying src\__init__.py -> test_project-0.1.0\src
copying src\rectangle.py -> test_project-0.1.0\src
copying test_project.egg-info\PKG-INFO -> test_project-0.1.0\test_project.egg-info
copying test_project.egg-info\SOURCES.txt -> test_project-0.1.0\test_project.egg-info
copying test_project.egg-info\dependency_links.txt -> test_project-0.1.0\test_project.egg-info
copying test_project.egg-info\top_level.txt -> test_project-0.1.0\test_project.egg-info
copying tests\__init__.py -> test_project-0.1.0\tests
copying tests\test_rectangle.py -> test_project-0.1.0\tests
Writing test_project-0.1.0\setup.cfg
creating '.tox\dist\test_project-0.1.0.zip' and adding 'test_project-0.1.0' to it
adding 'test_project-0.1.0'
adding 'test_project-0.1.0\src'
adding 'test_project-0.1.0\tests'
adding 'test_project-0.1.0\test_project.egg-info'
adding 'test_project-0.1.0\PKG-INFO'
adding 'test_project-0.1.0\pyproject.toml'
adding 'test_project-0.1.0\README.md'
adding 'test_project-0.1.0\setup.cfg'
adding 'test_project-0.1.0\setup.py'
adding 'test_project-0.1.0\src\rectangle.py'
adding 'test_project-0.1.0\src\__init__.py'
adding 'test_project-0.1.0\tests\test_rectangle.py'
adding 'test_project-0.1.0\tests\__init__.py'
adding 'test_project-0.1.0\test_project.egg-info\dependency_links.txt'
adding 'test_project-0.1.0\test_project.egg-info\PKG-INFO'
adding 'test_project-0.1.0\test_project.egg-info\SOURCES.txt'
adding 'test_project-0.1.0\test_project.egg-info\top_level.txt'
removing 'test_project-0.1.0' (and everything under it)
